<?xml version="1.0" encoding="UTF-8"?>
<!-- Generated by org.testng.reporters.JUnitReportReporter -->
<testsuite hostname="Sevvelkarans-MacBook-Air.local" failures="0" tests="4" name="Ques_2_Test.main" time="3.073" errors="0" timestamp="2025-03-28T12:19:00 IST" skipped="0">
  <testcase classname="Ques_2_Test.main" name="loginTest" time="1.397"/>
  <testcase classname="Ques_2_Test.main" name="addToCartTest" time="0.353"/>
  <testcase classname="Ques_2_Test.main" name="removeFromCartTest" time="0.023"/>
  <testcase classname="Ques_2_Test.main" name="checkoutTest" time="1.300"/>
</testsuite> <!-- Ques_2_Test.main -->
